<?xml version="1.0" encoding="UTF-8" ?>
<testsuite failures="0" time="0.149" errors="0" skipped="0" tests="20" name="ohtu.ohtuvarasto.VarastoTest">
  <properties>
    <property name="java.runtime.name" value="Java(TM) SE Runtime Environment"/>
    <property name="sun.boot.library.path" value="/opt/sun-jdk-1.6.0.43/jre/lib/amd64"/>
    <property name="java.vm.version" value="20.14-b01"/>
    <property name="java.vm.vendor" value="Sun Microsystems Inc."/>
    <property name="java.vendor.url" value="http://java.sun.com/"/>
    <property name="path.separator" value=":"/>
    <property name="guice.disable.misplaced.annotation.check" value="true"/>
    <property name="java.vm.name" value="Java HotSpot(TM) 64-Bit Server VM"/>
    <property name="file.encoding.pkg" value="sun.io"/>
    <property name="user.country" value="FI"/>
    <property name="sun.java.launcher" value="SUN_STANDARD"/>
    <property name="sun.os.patch.level" value="unknown"/>
    <property name="java.vm.specification.name" value="Java Virtual Machine Specification"/>
    <property name="user.dir" value="/home/pekka/development/koulu/ohtu/viikko3/ohtu-viikko3/OhtuVarasto"/>
    <property name="java.runtime.version" value="1.6.0_43-b01"/>
    <property name="java.awt.graphicsenv" value="sun.awt.X11GraphicsEnvironment"/>
    <property name="java.endorsed.dirs" value="/opt/sun-jdk-1.6.0.43/jre/lib/endorsed"/>
    <property name="os.arch" value="amd64"/>
    <property name="java.io.tmpdir" value="/tmp"/>
    <property name="line.separator" value="
"/>
    <property name="java.vm.specification.vendor" value="Sun Microsystems Inc."/>
    <property name="os.name" value="Linux"/>
    <property name="classworlds.conf" value="/usr/share/maven-bin-3.0/bin/m2.conf"/>
    <property name="sun.jnu.encoding" value="UTF-8"/>
    <property name="java.library.path" value="/opt/sun-jdk-1.6.0.43/jre/lib/amd64/server:/opt/sun-jdk-1.6.0.43/jre/lib/amd64:/opt/sun-jdk-1.6.0.43/jre/../lib/amd64:/usr/java/packages/lib/amd64:/usr/lib64:/lib64:/lib:/usr/lib"/>
    <property name="java.specification.name" value="Java Platform API Specification"/>
    <property name="java.class.version" value="50.0"/>
    <property name="sun.management.compiler" value="HotSpot 64-Bit Tiered Compilers"/>
    <property name="os.version" value="3.4.9-gentoo"/>
    <property name="user.home" value="/home/pekka"/>
    <property name="user.timezone" value="Europe/Helsinki"/>
    <property name="java.awt.printerjob" value="sun.print.PSPrinterJob"/>
    <property name="file.encoding" value="UTF-8"/>
    <property name="java.specification.version" value="1.6"/>
    <property name="user.name" value="pekka"/>
    <property name="java.class.path" value="/usr/share/maven-bin-3.0/boot/plexus-classworlds-2.4.jar"/>
    <property name="java.vm.specification.version" value="1.0"/>
    <property name="sun.arch.data.model" value="64"/>
    <property name="java.home" value="/opt/sun-jdk-1.6.0.43/jre"/>
    <property name="sun.java.command" value="org.codehaus.plexus.classworlds.launcher.Launcher test org.pitest:pitest-maven:mutationCoverage"/>
    <property name="java.specification.vendor" value="Sun Microsystems Inc."/>
    <property name="user.language" value="fi"/>
    <property name="java.vm.info" value="mixed mode"/>
    <property name="java.version" value="1.6.0_43"/>
    <property name="java.ext.dirs" value="/opt/sun-jdk-1.6.0.43/jre/lib/ext:/usr/java/packages/lib/ext"/>
    <property name="securerandom.source" value="file:/dev/./urandom"/>
    <property name="sun.boot.class.path" value="/opt/sun-jdk-1.6.0.43/jre/lib/resources.jar:/opt/sun-jdk-1.6.0.43/jre/lib/rt.jar:/opt/sun-jdk-1.6.0.43/jre/lib/sunrsasign.jar:/opt/sun-jdk-1.6.0.43/jre/lib/jsse.jar:/opt/sun-jdk-1.6.0.43/jre/lib/jce.jar:/opt/sun-jdk-1.6.0.43/jre/lib/charsets.jar:/opt/sun-jdk-1.6.0.43/jre/lib/modules/jdk.boot.jar:/opt/sun-jdk-1.6.0.43/jre/classes"/>
    <property name="java.vendor" value="Sun Microsystems Inc."/>
    <property name="maven.home" value="/usr/share/maven-bin-3.0"/>
    <property name="file.separator" value="/"/>
    <property name="java.vendor.url.bug" value="http://java.sun.com/cgi-bin/bugreport.cgi"/>
    <property name="sun.cpu.endian" value="little"/>
    <property name="sun.io.unicode.encoding" value="UnicodeLittle"/>
    <property name="sun.cpu.isalist" value=""/>
  </properties>
  <testcase time="0.003" classname="ohtu.ohtuvarasto.VarastoTest" name="konstruktoriLuoTyhjanVaraston"/>
  <testcase time="0.001" classname="ohtu.ohtuvarasto.VarastoTest" name="uudellaVarastollaOikeaTilavuus"/>
  <testcase time="0.007" classname="ohtu.ohtuvarasto.VarastoTest" name="lisaysLisaaSaldoa"/>
  <testcase time="0.001" classname="ohtu.ohtuvarasto.VarastoTest" name="lisaysYliTilavuuden"/>
  <testcase time="0" classname="ohtu.ohtuvarasto.VarastoTest" name="negLisays"/>
  <testcase time="0.001" classname="ohtu.ohtuvarasto.VarastoTest" name="lisaysLisaaPienentaaVapaataTilaa"/>
  <testcase time="0.001" classname="ohtu.ohtuvarasto.VarastoTest" name="ottaminenPalauttaaOikeanMaaran"/>
  <testcase time="0" classname="ohtu.ohtuvarasto.VarastoTest" name="ottaminenYliSaldonTyhjentaaVaraston"/>
  <testcase time="0" classname="ohtu.ohtuvarasto.VarastoTest" name="ottaminenLis\u00E4\u00E4Tilaa"/>
  <testcase time="0.001" classname="ohtu.ohtuvarasto.VarastoTest" name="konstr"/>
  <testcase time="0" classname="ohtu.ohtuvarasto.VarastoTest" name="negKonstr"/>
  <testcase time="0" classname="ohtu.ohtuvarasto.VarastoTest" name="negAlkuSaldo"/>
  <testcase time="0.001" classname="ohtu.ohtuvarasto.VarastoTest" name="suurempiAlkuSaldo"/>
  <testcase time="0" classname="ohtu.ohtuvarasto.VarastoTest" name="lisaaTyhjaan"/>
  <testcase time="0" classname="ohtu.ohtuvarasto.VarastoTest" name="otaKaikki"/>
  <testcase time="0.001" classname="ohtu.ohtuvarasto.VarastoTest" name="otaYliSaldon"/>
  <testcase time="0.001" classname="ohtu.ohtuvarasto.VarastoTest" name="luoTaysi"/>
  <testcase time="0" classname="ohtu.ohtuvarasto.VarastoTest" name="testTilavuus"/>
  <testcase time="0" classname="ohtu.ohtuvarasto.VarastoTest" name="otaNegatiivinen"/>
  <testcase time="0" classname="ohtu.ohtuvarasto.VarastoTest" name="fubarTest"/>
</testsuite>